#
# There is insufficient memory for the Java Runtime Environment to continue.
# Native memory allocation (malloc) failed to allocate 571056 bytes for Chunk::new
# Possible reasons:
#   The system is out of physical RAM or swap space
#   In 32 bit mode, the process size limit was hit
# Possible solutions:
#   Reduce memory load on the system
#   Increase physical memory or swap space
#   Check if swap backing store is full
#   Use 64 bit Java on a 64 bit OS
#   Decrease Java heap size (-Xmx/-Xms)
#   Decrease number of Java threads
#   Decrease Java thread stack sizes (-Xss)
#   Set larger code cache with -XX:ReservedCodeCacheSize=
# This output file may be truncated or incomplete.
#
#  Out of Memory Error (allocation.cpp:390), pid=596, tid=0x00000000000024c8
#
# JRE version: Java(TM) SE Runtime Environment (8.0_121-b13) (build 1.8.0_121-b13)
# Java VM: Java HotSpot(TM) 64-Bit Server VM (25.121-b13 mixed mode windows-amd64 compressed oops)
# Failed to write core dump. Minidumps are not enabled by default on client versions of Windows
#

---------------  T H R E A D  ---------------

Current thread (0x0000000017b2b000):  JavaThread "C2 CompilerThread0" daemon [_thread_in_native, id=9416, stack(0x0000000018250000,0x0000000018350000)]

Stack: [0x0000000018250000,0x0000000018350000]
[error occurred during error reporting (printing stack bounds), id 0xc0000005]

Native frames: (J=compiled Java code, j=interpreted, Vv=VM code, C=native code)


Current CompileTask:
C2:   1705 1120       4       com.android.dx.rop.code.Rops::ropFor (771 bytes)


---------------  P R O C E S S  ---------------

Java Threads: ( => current thread )
  0x0000000017def000 JavaThread "pool-1-thread-4" [_thread_in_Java, id=5516, stack(0x0000000018c50000,0x0000000018d50000)]
  0x0000000017dea000 JavaThread "pool-1-thread-3" [_thread_in_Java, id=8900, stack(0x0000000018b50000,0x0000000018c50000)]
  0x0000000017e0f000 JavaThread "pool-1-thread-2" [_thread_blocked, id=9220, stack(0x0000000018a50000,0x0000000018b50000)]
  0x0000000017ccb000 JavaThread "pool-2-thread-1" [_thread_blocked, id=9584, stack(0x0000000018950000,0x0000000018a50000)]
  0x0000000017cd2000 JavaThread "pool-1-thread-1" [_thread_blocked, id=10772, stack(0x0000000018850000,0x0000000018950000)]
  0x0000000017b8c800 JavaThread "Service Thread" daemon [_thread_blocked, id=6196, stack(0x0000000018650000,0x0000000018750000)]
  0x0000000017b85800 JavaThread "C1 CompilerThread3" daemon [_thread_blocked, id=8188, stack(0x0000000018550000,0x0000000018650000)]
  0x0000000015c3e000 JavaThread "C2 CompilerThread2" daemon [_thread_in_native, id=9968, stack(0x0000000018450000,0x0000000018550000)]
  0x0000000015c3b000 JavaThread "C2 CompilerThread1" daemon [_thread_in_native, id=11052, stack(0x0000000018350000,0x0000000018450000)]
=>0x0000000017b2b000 JavaThread "C2 CompilerThread0" daemon [_thread_in_native, id=9416, stack(0x0000000018250000,0x0000000018350000)]
  0x0000000017b29800 JavaThread "Attach Listener" daemon [_thread_blocked, id=11560, stack(0x0000000018150000,0x0000000018250000)]
  0x0000000017b80000 JavaThread "Signal Dispatcher" daemon [_thread_blocked, id=1336, stack(0x0000000018050000,0x0000000018150000)]
  0x0000000017b10800 JavaThread "Finalizer" daemon [_thread_blocked, id=972, stack(0x0000000017ef0000,0x0000000017ff0000)]
  0x0000000015c2d000 JavaThread "Reference Handler" daemon [_thread_blocked, id=11384, stack(0x00000000179f0000,0x0000000017af0000)]
  0x0000000003010800 JavaThread "main" [_thread_in_Java, id=11600, stack(0x0000000002ec0000,0x0000000002fc0000)]

Other Threads:
  0x0000000015c29000 VMThread [stack: 0x00000000178f0000,0x00000000179f0000] [id=6624]
  0x0000000017c62000 WatcherThread [stack: 0x0000000018750000,0x0000000018850000] [id=8444]

VM state:not at safepoint (normal execution)

VM Mutex/Monitor currently owned by a thread: None

Heap:
 PSYoungGen      total 71680K, used 31566K [0x00000000eab00000, 0x00000000ef600000, 0x0000000100000000)
  eden space 66560K, 39% used [0x00000000eab00000,0x00000000ec4d64f8,0x00000000eec00000)
  from space 5120K, 99% used [0x00000000ef100000,0x00000000ef5fd408,0x00000000ef600000)
  to   space 5120K, 0% used [0x00000000eec00000,0x00000000eec00000,0x00000000ef100000)
 ParOldGen       total 87552K, used 14085K [0x00000000c0000000, 0x00000000c5580000, 0x00000000eab00000)
  object space 87552K, 16% used [0x00000000c0000000,0x00000000c0dc16a0,0x00000000c5580000)
 Metaspace       used 5956K, capacity 6904K, committed 7040K, reserved 1056768K
  class space    used 603K, capacity 624K, committed 640K, reserved 1048576K

Card table byte_map: [0x00000000124d0000,0x00000000126e0000] byte_map_base: 0x0000000011ed0000

Marking Bits: (ParMarkBitMap*) 0x000000005662b6d0
 Begin Bits: [0x0000000013040000, 0x0000000014040000)
 End Bits:   [0x0000000014040000, 0x0000000015040000)

Polling page: 0x0000000002b40000

CodeCache: size=245760Kb used=5520Kb max_used=5533Kb free=240239Kb
 bounds [0x0000000003110000, 0x0000000003680000, 0x0000000012110000]
 total_blobs=1572 nmethods=1308 adapters=177
 compilation: enabled

Compilation events (10 events):
Event: 1.672 Thread 0x0000000015c3e000 nmethod 1211 0x0000000003669e90 code [0x0000000003669fc0, 0x000000000366a058]
Event: 1.672 Thread 0x0000000015c3e000 1006       4       com.android.dx.rop.code.BasicBlockList$RegCountVisitor::visitPlainInsn (6 bytes)
Event: 1.672 Thread 0x0000000015c3b000 nmethod 1165 0x0000000003667790 code [0x00000000036678c0, 0x0000000003667998]
Event: 1.673 Thread 0x0000000015c3b000 1168       4       com.android.dx.ssa.SsaRenamer$BlockRenamer::processResultReg (56 bytes)
Event: 1.676 Thread 0x0000000015c3e000 nmethod 1006 0x0000000003678190 code [0x00000000036782e0, 0x0000000003678558]
Event: 1.676 Thread 0x0000000015c3e000 1169       4       com.android.dx.ssa.MoveParamCombiner$1::visitNonMoveInsn (213 bytes)
Event: 1.678 Thread 0x0000000015c3e000 nmethod 1169 0x0000000003677b50 code [0x0000000003677ca0, 0x0000000003677e38]
Event: 1.678 Thread 0x0000000015c3e000 1176       4       com.android.dx.ssa.LiteralOpUpgrader$1::visitNonMoveInsn (203 bytes)
Event: 1.687 Thread 0x0000000015c3b000 nmethod 1168 0x0000000003676890 code [0x0000000003676a20, 0x00000000036771c8]
Event: 1.687 Thread 0x0000000015c3b000 1177       4       com.android.dx.ssa.LiteralOpUpgrader::tryReplacingWithConstant (161 bytes)

GC Heap History (4 events):
Event: 0.994 GC heap before
{Heap before GC invocations=1 (full 0):
 PSYoungGen      total 38400K, used 33280K [0x00000000eab00000, 0x00000000ed580000, 0x0000000100000000)
  eden space 33280K, 100% used [0x00000000eab00000,0x00000000ecb80000,0x00000000ecb80000)
  from space 5120K, 0% used [0x00000000ed080000,0x00000000ed080000,0x00000000ed580000)
  to   space 5120K, 0% used [0x00000000ecb80000,0x00000000ecb80000,0x00000000ed080000)
 ParOldGen       total 87552K, used 0K [0x00000000c0000000, 0x00000000c5580000, 0x00000000eab00000)
  object space 87552K, 0% used [0x00000000c0000000,0x00000000c0000000,0x00000000c5580000)
 Metaspace       used 5838K, capacity 6838K, committed 7040K, reserved 1056768K
  class space    used 600K, capacity 622K, committed 640K, reserved 1048576K
Event: 1.200 GC heap after
Heap after GC invocations=1 (full 0):
 PSYoungGen      total 38400K, used 5101K [0x00000000eab00000, 0x00000000ef600000, 0x0000000100000000)
  eden space 33280K, 0% used [0x00000000eab00000,0x00000000eab00000,0x00000000ecb80000)
  from space 5120K, 99% used [0x00000000ecb80000,0x00000000ed07b560,0x00000000ed080000)
  to   space 5120K, 0% used [0x00000000ef100000,0x00000000ef100000,0x00000000ef600000)
 ParOldGen       total 87552K, used 3676K [0x00000000c0000000, 0x00000000c5580000, 0x00000000eab00000)
  object space 87552K, 4% used [0x00000000c0000000,0x00000000c0397198,0x00000000c5580000)
 Metaspace       used 5838K, capacity 6838K, committed 7040K, reserved 1056768K
  class space    used 600K, capacity 622K, committed 640K, reserved 1048576K
}
Event: 1.325 GC heap before
{Heap before GC invocations=2 (full 0):
 PSYoungGen      total 38400K, used 38381K [0x00000000eab00000, 0x00000000ef600000, 0x0000000100000000)
  eden space 33280K, 100% used [0x00000000eab00000,0x00000000ecb80000,0x00000000ecb80000)
  from space 5120K, 99% used [0x00000000ecb80000,0x00000000ed07b560,0x00000000ed080000)
  to   space 5120K, 0% used [0x00000000ef100000,0x00000000ef100000,0x00000000ef600000)
 ParOldGen       total 87552K, used 3676K [0x00000000c0000000, 0x00000000c5580000, 0x00000000eab00000)
  object space 87552K, 4% used [0x00000000c0000000,0x00000000c0397198,0x00000000c5580000)
 Metaspace       used 5863K, capacity 6840K, committed 7040K, reserved 1056768K
  class space    used 603K, capacity 624K, committed 640K, reserved 1048576K
Event: 1.352 GC heap after
Heap after GC invocations=2 (full 0):
 PSYoungGen      total 71680K, used 5109K [0x00000000eab00000, 0x00000000ef600000, 0x0000000100000000)
  eden space 66560K, 0% used [0x00000000eab00000,0x00000000eab00000,0x00000000eec00000)
  from space 5120K, 99% used [0x00000000ef100000,0x00000000ef5fd408,0x00000000ef600000)
  to   space 5120K, 0% used [0x00000000eec00000,0x00000000eec00000,0x00000000ef100000)
 ParOldGen       total 87552K, used 14085K [0x00000000c0000000, 0x00000000c5580000, 0x00000000eab00000)
  object space 87552K, 16% used [0x00000000c0000000,0x00000000c0dc16a0,0x00000000c5580000)
 Metaspace       used 5863K, capacity 6840K, committed 7040K, reserved 1056768K
  class space    used 603K, capacity 624K, committed 640K, reserved 1048576K
}

Deoptimization events (10 events):
Event: 0.929 Thread 0x0000000017cd2000 Uncommon trap: reason=unstable_if action=reinterpret pc=0x000000000352beec method=com.android.dx.util.LabeledList.set(ILcom/android/dx/util/LabeledItem;)V @ 16
Event: 0.937 Thread 0x0000000017dea000 Uncommon trap: reason=null_check action=make_not_entrant pc=0x000000000351c7a0 method=com.android.dx.rop.type.Type.equals(Ljava/lang/Object;)Z @ 8
Event: 0.946 Thread 0x0000000017dea000 Uncommon trap: reason=unstable_if action=reinterpret pc=0x0000000003483530 method=com.android.dx.rop.code.RegisterSpecSet.put(Lcom/android/dx/rop/code/RegisterSpec;)V @ 77
Event: 0.971 Thread 0x0000000017dea000 Uncommon trap: reason=unstable_if action=reinterpret pc=0x0000000003547d98 method=com.android.dx.ssa.SCCP.simulateStmt(Lcom/android/dx/ssa/SsaInsn;)V @ 53
Event: 1.315 Thread 0x0000000017cd2000 Uncommon trap: reason=class_check action=maybe_recompile pc=0x0000000003553d68 method=com.android.dx.ssa.NormalSsaInsn.accept(Lcom/android/dx/ssa/SsaInsn$Visitor;)V @ 9
Event: 1.315 Thread 0x0000000017cd2000 Uncommon trap: reason=class_check action=maybe_recompile pc=0x0000000003553d68 method=com.android.dx.ssa.NormalSsaInsn.accept(Lcom/android/dx/ssa/SsaInsn$Visitor;)V @ 9
Event: 1.316 Thread 0x0000000003010800 Uncommon trap: reason=unstable_if action=reinterpret pc=0x000000000359596c method=com.android.dx.cf.code.ByteCatchList.listFor(I)Lcom/android/dx/cf/code/ByteCatchList; @ 19
Event: 1.316 Thread 0x0000000017cd2000 Uncommon trap: reason=class_check action=maybe_recompile pc=0x0000000003553d68 method=com.android.dx.ssa.NormalSsaInsn.accept(Lcom/android/dx/ssa/SsaInsn$Visitor;)V @ 9
Event: 1.316 Thread 0x0000000017cd2000 Uncommon trap: reason=class_check action=maybe_recompile pc=0x0000000003553d68 method=com.android.dx.ssa.NormalSsaInsn.accept(Lcom/android/dx/ssa/SsaInsn$Visitor;)V @ 9
Event: 1.322 Thread 0x0000000003010800 Uncommon trap: reason=unstable_if action=reinterpret pc=0x0000000003392af4 method=java.util.BitSet.ensureCapacity(I)V @ 6

Internal exceptions (5 events):
Event: 0.049 Thread 0x0000000003010800 Exception <a 'java/lang/NoSuchMethodError': Method sun.misc.Unsafe.defineClass(Ljava/lang/String;[BII)Ljava/lang/Class; name or signature does not match> (0x00000000eab07ca8) thrown at [C:\re\workspace\8-2-build-windows-amd64-cygwin\jdk8u121\8372\hotspot\
Event: 0.049 Thread 0x0000000003010800 Exception <a 'java/lang/NoSuchMethodError': Method sun.misc.Unsafe.prefetchRead(Ljava/lang/Object;J)V name or signature does not match> (0x00000000eab07f90) thrown at [C:\re\workspace\8-2-build-windows-amd64-cygwin\jdk8u121\8372\hotspot\src\share\vm\prims
Event: 0.925 Thread 0x0000000017cd2000 Implicit null exception at 0x000000000347b266 to 0x000000000347d04d
Event: 0.926 Thread 0x0000000017cd2000 Implicit null exception at 0x000000000343b4de to 0x000000000343d211
Event: 0.937 Thread 0x0000000017dea000 Implicit null exception at 0x000000000351c6a2 to 0x000000000351c792

Events (10 events):
Event: 1.472 Thread 0x0000000017dea000 DEOPT PACKING pc=0x00000000034c4b21 sp=0x0000000018c4e8e0
Event: 1.472 Thread 0x0000000017dea000 DEOPT UNPACKING pc=0x000000000315787f sp=0x0000000018c4e660 mode 0
Event: 1.485 Thread 0x0000000017cd2000 DEOPT PACKING pc=0x0000000003523aad sp=0x000000001894e620
Event: 1.485 Thread 0x0000000017cd2000 DEOPT UNPACKING pc=0x000000000315787f sp=0x000000001894e3b8 mode 0
Event: 1.521 Thread 0x0000000017cd2000 DEOPT PACKING pc=0x0000000003511759 sp=0x000000001894e520
Event: 1.521 Thread 0x0000000017cd2000 DEOPT UNPACKING pc=0x000000000315787f sp=0x000000001894e2e8 mode 0
Event: 1.560 Thread 0x0000000017e0f000 DEOPT PACKING pc=0x0000000003523aad sp=0x0000000018b4e8f0
Event: 1.561 Thread 0x0000000017e0f000 DEOPT UNPACKING pc=0x000000000315787f sp=0x0000000018b4e688 mode 0
Event: 1.569 Thread 0x0000000017e0f000 DEOPT PACKING pc=0x0000000003523aad sp=0x0000000018b4e9e0
Event: 1.569 Thread 0x0000000017e0f000 DEOPT UNPACKING pc=0x000000000315787f sp=0x0000000018b4e778 mode 0


Dynamic libraries:
0x00007ff6324c0000 - 0x00007ff6324f7000 	D:\Java\jdk1.8.0_121\bin\java.exe
0x00007ffabc970000 - 0x00007ffabcb41000 	C:\WINDOWS\SYSTEM32\ntdll.dll
0x00007ffabc100000 - 0x00007ffabc1ab000 	C:\WINDOWS\System32\KERNEL32.DLL
0x00007ffab8f60000 - 0x00007ffab917d000 	C:\WINDOWS\System32\KERNELBASE.dll
0x00007ffaba290000 - 0x00007ffaba332000 	C:\WINDOWS\System32\ADVAPI32.dll
0x00007ffabc210000 - 0x00007ffabc2ae000 	C:\WINDOWS\System32\msvcrt.dll
0x00007ffabc1b0000 - 0x00007ffabc209000 	C:\WINDOWS\System32\sechost.dll
0x00007ffaba160000 - 0x00007ffaba281000 	C:\WINDOWS\System32\RPCRT4.dll
0x00007ffabbc20000 - 0x00007ffabbd85000 	C:\WINDOWS\System32\USER32.dll
0x00007ffab9ee0000 - 0x00007ffab9efe000 	C:\WINDOWS\System32\win32u.dll
0x00007ffabbbe0000 - 0x00007ffabbc14000 	C:\WINDOWS\System32\GDI32.dll
0x00007ffab9860000 - 0x00007ffab99e2000 	C:\WINDOWS\System32\gdi32full.dll
0x00007ffab0af0000 - 0x00007ffab0d69000 	C:\WINDOWS\WinSxS\amd64_microsoft.windows.common-controls_6595b64144ccf1df_6.0.14393.447_none_42191651c6827bb3\COMCTL32.dll
0x00007ffabb8b0000 - 0x00007ffabbb78000 	C:\WINDOWS\System32\combase.dll
0x00007ffab8e60000 - 0x00007ffab8f55000 	C:\WINDOWS\System32\ucrtbase.dll
0x00007ffab9e20000 - 0x00007ffab9e8a000 	C:\WINDOWS\System32\bcryptPrimitives.dll
0x00007ffabc700000 - 0x00007ffabc72e000 	C:\WINDOWS\System32\IMM32.DLL
0x00000000566b0000 - 0x0000000056782000 	D:\Java\jdk1.8.0_121\jre\bin\msvcr100.dll
0x0000000055e10000 - 0x00000000566ab000 	D:\Java\jdk1.8.0_121\jre\bin\server\jvm.dll
0x00007ffabc6f0000 - 0x00007ffabc6f8000 	C:\WINDOWS\System32\PSAPI.DLL
0x00007ffaaeca0000 - 0x00007ffaaeca9000 	C:\WINDOWS\SYSTEM32\WSOCK32.dll
0x00007ffabc730000 - 0x00007ffabc79a000 	C:\WINDOWS\System32\WS2_32.dll
0x00007ffab6ae0000 - 0x00007ffab6b03000 	C:\WINDOWS\SYSTEM32\WINMM.dll
0x00007ffab0a10000 - 0x00007ffab0a1a000 	C:\WINDOWS\SYSTEM32\VERSION.dll
0x00007ffab6a80000 - 0x00007ffab6aab000 	C:\WINDOWS\SYSTEM32\WINMMBASE.dll
0x00007ffab9e90000 - 0x00007ffab9ed2000 	C:\WINDOWS\System32\cfgmgr32.dll
0x0000000055e00000 - 0x0000000055e0f000 	D:\Java\jdk1.8.0_121\jre\bin\verify.dll
0x0000000055dd0000 - 0x0000000055df9000 	D:\Java\jdk1.8.0_121\jre\bin\java.dll
0x0000000055db0000 - 0x0000000055dc6000 	D:\Java\jdk1.8.0_121\jre\bin\zip.dll
0x00007ffaba340000 - 0x00007ffabb849000 	C:\WINDOWS\System32\SHELL32.dll
0x00007ffab9180000 - 0x00007ffab985a000 	C:\WINDOWS\System32\windows.storage.dll
0x00007ffab8e00000 - 0x00007ffab8e4c000 	C:\WINDOWS\System32\powrprof.dll
0x00007ffaba040000 - 0x00007ffaba092000 	C:\WINDOWS\System32\shlwapi.dll
0x00007ffab8df0000 - 0x00007ffab8dff000 	C:\WINDOWS\System32\kernel.appcore.dll
0x00007ffab9d10000 - 0x00007ffab9db9000 	C:\WINDOWS\System32\shcore.dll
0x00007ffab8dd0000 - 0x00007ffab8de4000 	C:\WINDOWS\System32\profapi.dll

VM Arguments:
jvm_args: -Djava.awt.headless=true -Xmx1024M -Dfile.encoding=GBK -Duser.country=CN -Duser.language=zh -Duser.variant 
java_command: com.android.dx.command.Main --dex --force-jumbo --num-threads=4 --output D:\project\StudioProjects\encdec\app\build\intermediates\pre-dexed\debug\main_2bf209196e8c08d2f479f15c289cac728feec70e.jar D:\project\StudioProjects\encdec\app\build\intermediates\transforms\instantRun\debug\folders\1\5\main
java_class_path (initial): D:\Android\sdk\build-tools\23.0.2\lib\dx.jar
Launcher Type: SUN_STANDARD

Environment Variables:
JAVA_HOME=D:\Java\jdk1.8.0_121
CLASSPATH=.;D:\Java\jdk1.8.0_121\lib;D:\Java\jdk1.8.0_121\lib\tools.jar
PATH=C:\ProgramData\Oracle\Java\javapath;D:\Python\Python34\;D:\Python\Python34\Scripts;D:\Python\Python35-32\Scripts\;D:\Python\Python35-32\;D:\Python\Python27\;D:\Python\Python27\Scripts;C:\WINDOWS\system32;C:\WINDOWS;C:\WINDOWS\System32\Wbem;C:\WINDOWS\System32\WindowsPowerShell\v1.0\;C:\Program Files (x86)\GtkSharp\2.12\bin;D:\Go\bin;D:\Java\jdk1.8.0_102\bin;D:\Java\jre1.8.0_102\bin;D:\Android\ndk-r10b;D:\Program Files\Git\cmd;D:\Program Files\Git\mingw64\bin;D:\Program Files\Git\usr\bin;D:\Program Files\Amazon\AWSCLI\;D:\Android\sdk\platform-tools\;C:\Users\xw\AppData\Local\Microsoft\WindowsApps;
USERNAME=xw
OS=Windows_NT
PROCESSOR_IDENTIFIER=Intel64 Family 6 Model 62 Stepping 4, GenuineIntel



---------------  S Y S T E M  ---------------

OS: Windows 10.0 , 64 bit Build 14393 (10.0.14393.0)

CPU:total 8 (8 cores per cpu, 1 threads per core) family 6 model 62 stepping 4, cmov, cx8, fxsr, mmx, sse, sse2, sse3, ssse3, sse4.1, sse4.2, popcnt, avx, aes, clmul, erms, tsc, tscinvbit

Memory: 4k page, physical 8388084k(1338644k free), swap 8388084k(5952k free)

vm_info: Java HotSpot(TM) 64-Bit Server VM (25.121-b13) for windows-amd64 JRE (1.8.0_121-b13), built on Dec 12 2016 18:21:36 by "java_re" with MS VC++ 10.0 (VS2010)

time: Mon Feb 27 15:04:57 2017
elapsed time: 1 seconds (0d 0h 0m 1s)

